<?xml version="1.0" encoding="UTF-8"?>
<!-- Generated by org.testng.reporters.JUnitReportReporter -->
<testsuite skipped="0" hostname="DESKTOP-RKGN95B" name="tests.DemoBankingFunctionsTest" tests="3" failures="0" timestamp="17 Jul 2018 02:57:37 GMT" time="55.213" errors="0">
  <testcase name="createNewCustomer" time="18.280" classname="tests.DemoBankingFunctionsTest"/>
  <testcase name="createNewAccount" time="19.928" classname="tests.DemoBankingFunctionsTest"/>
  <testcase name="depositFunction" time="17.005" classname="tests.DemoBankingFunctionsTest"/>
</testsuite> <!-- tests.DemoBankingFunctionsTest -->
